Method: GET, Path: /api/tasks, Code: 200 
Method: GET, Path: /api/tasks, Code: 200 
Method: GET, Path: /api/tasks, Code: 200 
Method: GET, Path: /api/tasks, Code: 200 
Method: POST, Path: /api/tasks, Code: 201 
Method: POST, Path: /api/tasks, Code: 201 
Method: POST, Path: /api/tasks, Code: 201 
Method: GET, Path: /api/tasks/4, Code: 200 
Method: GET, Path: /api/tasks/4, Code: 200 
Method: GET, Path: /api/tasks/4, Code: 200 
Method: PUT, Path: /api/tasks/4, Code: 200 
Method: PUT, Path: /api/tasks/4, Code: 200 
Method: PUT, Path: /api/tasks/4, Code: 200 
Method: GET, Path: /health, Code: 200 
Method: GET, Path: /api/tasks, Code: 200 
Method: POST, Path: /api/tasks, Code: 201 
Method: GET, Path: /api/tasks, Code: 200 
Method: GET, Path: /api/tasks/1, Code: 200 
Method: PUT, Path: /api/tasks/1, Code: 200 
Method: PATCH, Path: /api/tasks/1, Code: 200 
Method: GET, Path: /health, Code: 200 
Method: GET, Path: /api/tasks, Code: 200 
Method: POST, Path: /api/tasks, Code: 201 
Method: GET, Path: /api/tasks/1, Code: 200 
Method: PUT, Path: /api/tasks/1, Code: 200 
Method: PATCH, Path: /api/tasks/1, Code: 200 
Method: PUT, Path: /api/tasks/2, Code: 204 
Method: GET, Path: /api/tasks, Code: 200 
Method: GET, Path: /health, Code: 200, function getTime() { [native code] } 
Method: GET, Path: /health, Code: 200, 1783735524478 
Method: GET, Path: /health, Code: 200, 21:06:06 GMT-0500 (Central Daylight Time) 
Method: GET, Path: /health, Code: 200, Fri Jul 10 2026, 21:06:43 GMT-0500 (Central Daylight Time) 
Method: GET, Path: /health, Code: 200, Fri Jul 10 2026, 21:20:47 GMT-0500 (Central Daylight Time) 
Method: GET, Path: /health, Code: 200, Fri Jul 10 2026, 21:20:52 GMT-0500 (Central Daylight Time) 
Method: GET, Path: /health, Code: 200, Fri Jul 10 2026, 21:20:53 GMT-0500 (Central Daylight Time) 
Method: POST, Path: /api/tasks, Code: 201, Fri Jul 10 2026, 21:27:49 GMT-0500 (Central Daylight Time) 
Method: POST, Path: /api/tasks, Code: 400, Fri Jul 10 2026, 21:27:55 GMT-0500 (Central Daylight Time) 
Method: POST, Path: /api/tasks, Code: 201, Fri Jul 10 2026, 21:28:00 GMT-0500 (Central Daylight Time) 
Method: GET, Path: /health, Code: 200, Fri Jul 10 2026, 21:39:51 GMT-0500 (Central Daylight Time) 
Method: GET, Path: /api/tasks, Code: 200, Fri Jul 10 2026, 21:39:51 GMT-0500 (Central Daylight Time) 
Method: POST, Path: /items, Code: 404, Fri Jul 10 2026, 21:39:51 GMT-0500 (Central Daylight Time) 
Method: PUT, Path: /items/1, Code: 404, Fri Jul 10 2026, 21:39:51 GMT-0500 (Central Daylight Time) 
Method: GET, Path: /items/1, Code: 404, Fri Jul 10 2026, 21:39:51 GMT-0500 (Central Daylight Time) 
Method: DELETE, Path: /items/1, Code: 404, Fri Jul 10 2026, 21:39:51 GMT-0500 (Central Daylight Time) 
Method: GET, Path: /api/tasks/1, Code: 200, Fri Jul 10 2026, 21:40:42 GMT-0500 (Central Daylight Time) 
Method: GET, Path: /api/tasks/1, Code: 200, Fri Jul 10 2026, 21:40:54 GMT-0500 (Central Daylight Time) 
Method: GET, Path: /health, Code: 200, Fri Jul 10 2026, 21:41:35 GMT-0500 (Central Daylight Time) 
Method: GET, Path: /api/tasks, Code: 200, Fri Jul 10 2026, 21:41:35 GMT-0500 (Central Daylight Time) 
Method: POST, Path: /items, Code: 404, Fri Jul 10 2026, 21:41:35 GMT-0500 (Central Daylight Time) 
Method: PUT, Path: /items/1, Code: 404, Fri Jul 10 2026, 21:41:35 GMT-0500 (Central Daylight Time) 
Method: GET, Path: /api/tasks/1, Code: 200, Fri Jul 10 2026, 21:41:35 GMT-0500 (Central Daylight Time) 
Method: DELETE, Path: /items/1, Code: 404, Fri Jul 10 2026, 21:41:35 GMT-0500 (Central Daylight Time) 
Method: POST, Path: /api/tasks, Code: 201, Fri Jul 10 2026, 21:43:07 GMT-0500 (Central Daylight Time) 
Method: GET, Path: /health, Code: 200, Fri Jul 10 2026, 21:43:59 GMT-0500 (Central Daylight Time) 
Method: POST, Path: /api/tasks, Code: 201, Fri Jul 10 2026, 21:43:59 GMT-0500 (Central Daylight Time) 
Method: GET, Path: /api/tasks, Code: 200, Fri Jul 10 2026, 21:43:59 GMT-0500 (Central Daylight Time) 
Method: PUT, Path: /items/1, Code: 404, Fri Jul 10 2026, 21:43:59 GMT-0500 (Central Daylight Time) 
Method: GET, Path: /api/tasks/1, Code: 200, Fri Jul 10 2026, 21:43:59 GMT-0500 (Central Daylight Time) 
Method: DELETE, Path: /items/1, Code: 404, Fri Jul 10 2026, 21:43:59 GMT-0500 (Central Daylight Time) 
Method: PUT, Path: /api/tasks/1, Code: 200, Fri Jul 10 2026, 21:47:04 GMT-0500 (Central Daylight Time) 
Method: GET, Path: /health, Code: 200, Fri Jul 10 2026, 21:48:35 GMT-0500 (Central Daylight Time) 
Method: POST, Path: /api/tasks, Code: 201, Fri Jul 10 2026, 21:48:35 GMT-0500 (Central Daylight Time) 
Method: GET, Path: /api/tasks, Code: 200, Fri Jul 10 2026, 21:48:35 GMT-0500 (Central Daylight Time) 
Method: GET, Path: /api/tasks/1, Code: 200, Fri Jul 10 2026, 21:48:35 GMT-0500 (Central Daylight Time) 
Method: PUT, Path: /api/tasks/1, Code: 200, Fri Jul 10 2026, 21:48:35 GMT-0500 (Central Daylight Time) 
Method: DELETE, Path: /api/tasks/1, Code: 204, Fri Jul 10 2026, 21:48:35 GMT-0500 (Central Daylight Time) 
